<?xml version="1.0" encoding="UTF-8"?>
<!-- Generated by org.testng.reporters.JUnitReportReporter -->
<testsuite hostname="DESKTOP-E4E5DC2" failures="0" tests="1" name="testRunner.Runner" time="9.358" errors="0" timestamp="2021-06-27T20:41:44 IST" skipped="0">
  <testcase classname="testRunner.Runner" name="runScenario" time="9.358"/>
  <system-out/>
</testsuite> <!-- testRunner.Runner -->
